2026-04-09T22:18:56: Error: Failed to find Server Action "x". This request might be from an older or newer deployment.
2026-04-09T22:18:56: Read more: https://nextjs.org/docs/messages/failed-to-find-server-action
2026-04-09T22:18:56:     at ignore-listed frames
2026-04-09T22:32:08: Error: Failed to find Server Action "x". This request might be from an older or newer deployment.
2026-04-09T22:32:08: Read more: https://nextjs.org/docs/messages/failed-to-find-server-action
2026-04-09T22:32:08:     at ignore-listed frames
2026-04-09T22:32:08: Error: Failed to find Server Action "x". This request might be from an older or newer deployment.
2026-04-09T22:32:08: Read more: https://nextjs.org/docs/messages/failed-to-find-server-action
2026-04-09T22:32:08:     at ignore-listed frames
2026-04-09T22:32:13: Error: Failed to find Server Action "x". This request might be from an older or newer deployment.
2026-04-09T22:32:13: Read more: https://nextjs.org/docs/messages/failed-to-find-server-action
2026-04-09T22:32:13:     at ignore-listed frames
2026-04-09T23:00:31: Error: Failed to find Server Action "x". This request might be from an older or newer deployment.
2026-04-09T23:00:31: Read more: https://nextjs.org/docs/messages/failed-to-find-server-action
2026-04-09T23:00:31:     at ignore-listed frames
2026-04-09T23:41:44: Avatar generation proxy error: SyntaxError: Unexpected end of JSON input
2026-04-09T23:41:44:     at JSON.parse (<anonymous>)
2026-04-09T23:47:04: Avatar generation proxy error: SyntaxError: Unexpected end of JSON input
2026-04-09T23:47:04:     at JSON.parse (<anonymous>)
2026-04-09T23:48:24: Avatar generation proxy error: SyntaxError: Unexpected end of JSON input
2026-04-09T23:48:24:     at JSON.parse (<anonymous>)
2026-04-09T23:49:23: Error [InvariantError]: Invariant: The client reference manifest for route "/campaign" does not exist. This is a bug in Next.js.
2026-04-09T23:49:23:     at Object.get (.next/server/chunks/ssr/[root-of-the-server]__09z7o2x._.js:1:47542)
2026-04-09T23:49:23: ⨯ Error [InvariantError]: Invariant: The client reference manifest for route "/campaign" does not exist. This is a bug in Next.js.
2026-04-09T23:49:23:     at Object.get (.next/server/chunks/ssr/[root-of-the-server]__09z7o2x._.js:1:47542)
2026-04-09T23:49:23: ⨯ Error [InvariantError]: Invariant: The client reference manifest for route "/campaign" does not exist. This is a bug in Next.js.
2026-04-09T23:49:23:     at Object.get (.next/server/chunks/ssr/[root-of-the-server]__09z7o2x._.js:1:47542)
2026-04-09T23:49:23: ⨯ Error: Failed to load static file for page: /500 ENOENT: no such file or directory, open '/var/www/zellers-ai-avatar/.next/server/pages/500.html'
2026-04-09T23:49:23:     at ignore-listed frames
2026-04-09T23:49:30: Error [InvariantError]: Invariant: The client reference manifest for route "/campaign" does not exist. This is a bug in Next.js.
2026-04-09T23:49:30:     at Object.get (.next/server/chunks/ssr/[root-of-the-server]__09z7o2x._.js:1:47542)
2026-04-09T23:49:30: ⨯ Error [InvariantError]: Invariant: The client reference manifest for route "/campaign" does not exist. This is a bug in Next.js.
2026-04-09T23:49:30:     at Object.get (.next/server/chunks/ssr/[root-of-the-server]__09z7o2x._.js:1:47542)
2026-04-09T23:49:30: ⨯ Error [InvariantError]: Invariant: The client reference manifest for route "/campaign" does not exist. This is a bug in Next.js.
2026-04-09T23:49:30:     at Object.get (.next/server/chunks/ssr/[root-of-the-server]__09z7o2x._.js:1:47542)
2026-04-09T23:49:30: ⨯ Error: Failed to load static file for page: /500 ENOENT: no such file or directory, open '/var/www/zellers-ai-avatar/.next/server/pages/500.html'
2026-04-09T23:49:30:     at ignore-listed frames
2026-04-09T23:49:33: Error [InvariantError]: Invariant: The client reference manifest for route "/campaign" does not exist. This is a bug in Next.js.
2026-04-09T23:49:33:     at Object.get (.next/server/chunks/ssr/[root-of-the-server]__09z7o2x._.js:1:47542)
2026-04-09T23:49:33: ⨯ Error [InvariantError]: Invariant: The client reference manifest for route "/campaign" does not exist. This is a bug in Next.js.
2026-04-09T23:49:33:     at Object.get (.next/server/chunks/ssr/[root-of-the-server]__09z7o2x._.js:1:47542)
2026-04-09T23:49:33: ⨯ Error [InvariantError]: Invariant: The client reference manifest for route "/campaign" does not exist. This is a bug in Next.js.
2026-04-09T23:49:33:     at Object.get (.next/server/chunks/ssr/[root-of-the-server]__09z7o2x._.js:1:47542)
2026-04-09T23:49:33: ⨯ Error: Failed to load static file for page: /500 ENOENT: no such file or directory, open '/var/www/zellers-ai-avatar/.next/server/pages/500.html'
2026-04-09T23:49:33:     at ignore-listed frames
2026-04-09T23:49:36: Error [InvariantError]: Invariant: The client reference manifest for route "/campaign" does not exist. This is a bug in Next.js.
2026-04-09T23:49:36:     at Object.get (.next/server/chunks/ssr/[root-of-the-server]__09z7o2x._.js:1:47542)
2026-04-09T23:49:36: ⨯ Error [InvariantError]: Invariant: The client reference manifest for route "/campaign" does not exist. This is a bug in Next.js.
2026-04-09T23:49:36:     at Object.get (.next/server/chunks/ssr/[root-of-the-server]__09z7o2x._.js:1:47542)
2026-04-09T23:49:36: ⨯ Error [InvariantError]: Invariant: The client reference manifest for route "/campaign" does not exist. This is a bug in Next.js.
2026-04-09T23:49:36:     at Object.get (.next/server/chunks/ssr/[root-of-the-server]__09z7o2x._.js:1:47542)
2026-04-09T23:49:36: ⨯ Error: Failed to load static file for page: /500 ENOENT: no such file or directory, open '/var/www/zellers-ai-avatar/.next/server/pages/500.html'
2026-04-09T23:49:36:     at ignore-listed frames
2026-04-09T23:49:37: Error [InvariantError]: Invariant: The client reference manifest for route "/campaign" does not exist. This is a bug in Next.js.
2026-04-09T23:49:37:     at Object.get (.next/server/chunks/ssr/[root-of-the-server]__09z7o2x._.js:1:47542)
2026-04-09T23:49:37: ⨯ Error [InvariantError]: Invariant: The client reference manifest for route "/campaign" does not exist. This is a bug in Next.js.
2026-04-09T23:49:37:     at Object.get (.next/server/chunks/ssr/[root-of-the-server]__09z7o2x._.js:1:47542)
2026-04-09T23:49:37: ⨯ Error [InvariantError]: Invariant: The client reference manifest for route "/campaign" does not exist. This is a bug in Next.js.
2026-04-09T23:49:37:     at Object.get (.next/server/chunks/ssr/[root-of-the-server]__09z7o2x._.js:1:47542)
2026-04-09T23:49:37: ⨯ Error: Failed to load static file for page: /500 ENOENT: no such file or directory, open '/var/www/zellers-ai-avatar/.next/server/pages/500.html'
2026-04-09T23:49:37:     at ignore-listed frames
2026-04-09T23:49:38: Error [InvariantError]: Invariant: The client reference manifest for route "/campaign" does not exist. This is a bug in Next.js.
2026-04-09T23:49:38:     at Object.get (.next/server/chunks/ssr/[root-of-the-server]__09z7o2x._.js:1:47542)
2026-04-09T23:49:38: ⨯ Error [InvariantError]: Invariant: The client reference manifest for route "/campaign" does not exist. This is a bug in Next.js.
2026-04-09T23:49:38:     at Object.get (.next/server/chunks/ssr/[root-of-the-server]__09z7o2x._.js:1:47542)
2026-04-09T23:49:38: ⨯ Error [InvariantError]: Invariant: The client reference manifest for route "/campaign" does not exist. This is a bug in Next.js.
2026-04-09T23:49:38:     at Object.get (.next/server/chunks/ssr/[root-of-the-server]__09z7o2x._.js:1:47542)
2026-04-09T23:49:38: ⨯ Error: Failed to load static file for page: /500 ENOENT: no such file or directory, open '/var/www/zellers-ai-avatar/.next/server/pages/500.html'
2026-04-09T23:49:38:     at ignore-listed frames
2026-04-09T23:50:47: Error: Failed to find Server Action "x". This request might be from an older or newer deployment.
2026-04-09T23:50:47: Read more: https://nextjs.org/docs/messages/failed-to-find-server-action
2026-04-09T23:50:47:     at ignore-listed frames
2026-04-09T23:57:22: [avatar proxy] Non-JSON response: <html>
2026-04-09T23:57:22: <head><title>504 Gateway Time-out</title></head>
2026-04-09T23:57:22: <body>
2026-04-09T23:57:22: <center><h1>504 Gateway Time-out</h1></center>
2026-04-09T23:57:22: <hr><center>nginx/1.24.0 (Ubuntu)</center>
2026-04-09T23:57:22: </body>
2026-04-09T23:57:22: </html>
2026-04-09T23:57:22: 
2026-04-10T00:38:29: [avatar proxy] Non-JSON response: <html>
2026-04-10T00:38:29: <head><title>504 Gateway Time-out</title></head>
2026-04-10T00:38:29: <body>
2026-04-10T00:38:29: <center><h1>504 Gateway Time-out</h1></center>
2026-04-10T00:38:29: <hr><center>nginx/1.24.0 (Ubuntu)</center>
2026-04-10T00:38:29: </body>
2026-04-10T00:38:29: </html>
2026-04-10T00:38:29: 
2026-04-10T00:39:16: Error: Failed to find Server Action "x". This request might be from an older or newer deployment.
2026-04-10T00:39:16: Read more: https://nextjs.org/docs/messages/failed-to-find-server-action
2026-04-10T00:39:16:     at ignore-listed frames
2026-04-10T00:39:16: Error: Failed to find Server Action "x". This request might be from an older or newer deployment.
2026-04-10T00:39:16: Read more: https://nextjs.org/docs/messages/failed-to-find-server-action
2026-04-10T00:39:16:     at ignore-listed frames
2026-04-10T01:43:20: Error: Failed to find Server Action "x". This request might be from an older or newer deployment.
2026-04-10T01:43:20: Read more: https://nextjs.org/docs/messages/failed-to-find-server-action
2026-04-10T01:43:20:     at ignore-listed frames
2026-04-10T01:43:20: Error: Failed to find Server Action "x". This request might be from an older or newer deployment.
2026-04-10T01:43:20: Read more: https://nextjs.org/docs/messages/failed-to-find-server-action
2026-04-10T01:43:20:     at ignore-listed frames
2026-04-10T01:43:21: Error: Failed to find Server Action "x". This request might be from an older or newer deployment.
2026-04-10T01:43:21: Read more: https://nextjs.org/docs/messages/failed-to-find-server-action
2026-04-10T01:43:21:     at ignore-listed frames
2026-04-10T01:43:21: Error: Failed to find Server Action "x". This request might be from an older or newer deployment.
2026-04-10T01:43:21: Read more: https://nextjs.org/docs/messages/failed-to-find-server-action
2026-04-10T01:43:21:     at ignore-listed frames
2026-04-10T01:43:22: Error: Failed to find Server Action "x". This request might be from an older or newer deployment.
2026-04-10T01:43:22: Read more: https://nextjs.org/docs/messages/failed-to-find-server-action
2026-04-10T01:43:22:     at ignore-listed frames
2026-04-10T01:43:22: Error: Failed to find Server Action "x". This request might be from an older or newer deployment.
2026-04-10T01:43:22: Read more: https://nextjs.org/docs/messages/failed-to-find-server-action
2026-04-10T01:43:22:     at ignore-listed frames
2026-04-10T02:41:34: Error: Failed to find Server Action "x". This request might be from an older or newer deployment.
2026-04-10T02:41:34: Read more: https://nextjs.org/docs/messages/failed-to-find-server-action
2026-04-10T02:41:34:     at ignore-listed frames
2026-04-10T02:47:05: Avatar status proxy error: SyntaxError: Unexpected token '<', "<html>
2026-04-10T02:47:05: <h"... is not valid JSON
2026-04-10T02:47:05:     at JSON.parse (<anonymous>)
2026-04-10T02:47:09: Avatar status proxy error: SyntaxError: Unexpected token '<', "<html>
2026-04-10T02:47:09: <h"... is not valid JSON
2026-04-10T02:47:09:     at JSON.parse (<anonymous>)
2026-04-10T02:47:14: Avatar status proxy error: SyntaxError: Unexpected token '<', "<html>
2026-04-10T02:47:14: <h"... is not valid JSON
2026-04-10T02:47:14:     at JSON.parse (<anonymous>)
2026-04-10T03:40:22: Avatar status proxy error: SyntaxError: Unexpected token '<', "<html>
2026-04-10T03:40:22: <h"... is not valid JSON
2026-04-10T03:40:22:     at JSON.parse (<anonymous>)
2026-04-10T03:40:26: Avatar status proxy error: SyntaxError: Unexpected token '<', "<html>
2026-04-10T03:40:26: <h"... is not valid JSON
2026-04-10T03:40:26:     at JSON.parse (<anonymous>)
2026-04-10T03:40:30: Avatar status proxy error: SyntaxError: Unexpected token '<', "<html>
2026-04-10T03:40:30: <h"... is not valid JSON
2026-04-10T03:40:30:     at JSON.parse (<anonymous>)
2026-04-10T03:48:52: Error: Failed to find Server Action "x". This request might be from an older or newer deployment.
2026-04-10T03:48:52: Read more: https://nextjs.org/docs/messages/failed-to-find-server-action
2026-04-10T03:48:52:     at ignore-listed frames
2026-04-10T03:56:54: Error: Failed to find Server Action "x". This request might be from an older or newer deployment.
2026-04-10T03:56:54: Read more: https://nextjs.org/docs/messages/failed-to-find-server-action
2026-04-10T03:56:54:     at ignore-listed frames
2026-04-10T04:06:17: Error: Failed to find Server Action "x". This request might be from an older or newer deployment.
2026-04-10T04:06:17: Read more: https://nextjs.org/docs/messages/failed-to-find-server-action
2026-04-10T04:06:17:     at ignore-listed frames
2026-04-10T05:58:25: Error: Failed to find Server Action "x". This request might be from an older or newer deployment.
2026-04-10T05:58:25: Read more: https://nextjs.org/docs/messages/failed-to-find-server-action
2026-04-10T05:58:25:     at ignore-listed frames
2026-04-10T05:58:25: Error: Failed to find Server Action "x". This request might be from an older or newer deployment.
2026-04-10T05:58:25: Read more: https://nextjs.org/docs/messages/failed-to-find-server-action
2026-04-10T05:58:25:     at ignore-listed frames
2026-04-10T05:58:26: Error: Failed to find Server Action "x". This request might be from an older or newer deployment.
2026-04-10T05:58:26: Read more: https://nextjs.org/docs/messages/failed-to-find-server-action
2026-04-10T05:58:26:     at ignore-listed frames
2026-04-10T05:58:26: Error: Failed to find Server Action "x". This request might be from an older or newer deployment.
2026-04-10T05:58:26: Read more: https://nextjs.org/docs/messages/failed-to-find-server-action
2026-04-10T05:58:26:     at ignore-listed frames
2026-04-10T05:58:27: Error: Failed to find Server Action "x". This request might be from an older or newer deployment.
2026-04-10T05:58:27: Read more: https://nextjs.org/docs/messages/failed-to-find-server-action
2026-04-10T05:58:27:     at ignore-listed frames
2026-04-10T05:58:27: Error: Failed to find Server Action "x". This request might be from an older or newer deployment.
2026-04-10T05:58:27: Read more: https://nextjs.org/docs/messages/failed-to-find-server-action
2026-04-10T05:58:27:     at ignore-listed frames
2026-04-10T06:56:59: Error: Failed to find Server Action "x". This request might be from an older or newer deployment.
2026-04-10T06:56:59: Read more: https://nextjs.org/docs/messages/failed-to-find-server-action
2026-04-10T06:56:59:     at ignore-listed frames
2026-04-10T07:31:47: Error: Failed to find Server Action "x". This request might be from an older or newer deployment.
2026-04-10T07:31:47: Read more: https://nextjs.org/docs/messages/failed-to-find-server-action
2026-04-10T07:31:47:     at ignore-listed frames
2026-04-10T07:53:25: Error [InvariantError]: Invariant: The client reference manifest for route "/contact" does not exist. This is a bug in Next.js.
2026-04-10T07:53:25:     at Object.get (.next/server/chunks/ssr/[root-of-the-server]__09z7o2x._.js:1:47542)
2026-04-10T07:53:25: ⨯ Error [InvariantError]: Invariant: The client reference manifest for route "/contact" does not exist. This is a bug in Next.js.
2026-04-10T07:53:25:     at Object.get (.next/server/chunks/ssr/[root-of-the-server]__09z7o2x._.js:1:47542)
2026-04-10T07:53:25: ⨯ Error [InvariantError]: Invariant: The client reference manifest for route "/contact" does not exist. This is a bug in Next.js.
2026-04-10T07:53:25:     at Object.get (.next/server/chunks/ssr/[root-of-the-server]__09z7o2x._.js:1:47542)
2026-04-10T07:53:25: ⨯ Error: Failed to load static file for page: /500 ENOENT: no such file or directory, open '/var/www/zellers-ai-avatar/.next/server/pages/500.html'
2026-04-10T07:53:25:     at ignore-listed frames
2026-04-10T07:53:43: Error [InvariantError]: Invariant: The client reference manifest for route "/contact" does not exist. This is a bug in Next.js.
2026-04-10T07:53:43:     at Object.get (.next/server/chunks/ssr/[root-of-the-server]__09z7o2x._.js:1:47542)
2026-04-10T07:53:43: ⨯ Error [InvariantError]: Invariant: The client reference manifest for route "/contact" does not exist. This is a bug in Next.js.
2026-04-10T07:53:43:     at Object.get (.next/server/chunks/ssr/[root-of-the-server]__09z7o2x._.js:1:47542)
2026-04-10T07:53:43: ⨯ Error [InvariantError]: Invariant: The client reference manifest for route "/contact" does not exist. This is a bug in Next.js.
2026-04-10T07:53:43:     at Object.get (.next/server/chunks/ssr/[root-of-the-server]__09z7o2x._.js:1:47542)
2026-04-10T07:53:43: ⨯ Error: Failed to load static file for page: /500 ENOENT: no such file or directory, open '/var/www/zellers-ai-avatar/.next/server/pages/500.html'
2026-04-10T07:53:43:     at ignore-listed frames
2026-04-10T07:53:46: Error [InvariantError]: Invariant: The client reference manifest for route "/contact" does not exist. This is a bug in Next.js.
2026-04-10T07:53:46:     at Object.get (.next/server/chunks/ssr/[root-of-the-server]__09z7o2x._.js:1:47542)
2026-04-10T07:53:46: ⨯ Error [InvariantError]: Invariant: The client reference manifest for route "/contact" does not exist. This is a bug in Next.js.
2026-04-10T07:53:46:     at Object.get (.next/server/chunks/ssr/[root-of-the-server]__09z7o2x._.js:1:47542)
2026-04-10T07:53:46: ⨯ Error [InvariantError]: Invariant: The client reference manifest for route "/contact" does not exist. This is a bug in Next.js.
2026-04-10T07:53:46:     at Object.get (.next/server/chunks/ssr/[root-of-the-server]__09z7o2x._.js:1:47542)
2026-04-10T07:53:46: ⨯ Error: Failed to load static file for page: /500 ENOENT: no such file or directory, open '/var/www/zellers-ai-avatar/.next/server/pages/500.html'
2026-04-10T07:53:46:     at ignore-listed frames
2026-04-10T08:50:16: Error: Failed to find Server Action "x". This request might be from an older or newer deployment.
2026-04-10T08:50:16: Read more: https://nextjs.org/docs/messages/failed-to-find-server-action
2026-04-10T08:50:16:     at ignore-listed frames
2026-04-10T09:06:21: Error: Failed to find Server Action "x". This request might be from an older or newer deployment.
2026-04-10T09:06:21: Read more: https://nextjs.org/docs/messages/failed-to-find-server-action
2026-04-10T09:06:21:     at ignore-listed frames
