2026-04-09T22:08:31: ▲ Next.js 16.2.2
2026-04-09T22:08:31: - Local:         http://localhost:3000
2026-04-09T22:08:31: - Network:       http://161.97.118.187:3000
2026-04-09T22:08:31: ✓ Ready in 304ms
2026-04-09T22:44:04: ▲ Next.js 16.2.2
2026-04-09T22:44:04: - Local:         http://localhost:3000
2026-04-09T22:44:04: - Network:       http://161.97.118.187:3000
2026-04-09T22:44:04: ✓ Ready in 915ms
2026-04-09T22:49:31: ▲ Next.js 16.2.2
2026-04-09T22:49:31: - Local:         http://localhost:3000
2026-04-09T22:49:31: - Network:       http://161.97.118.187:3000
2026-04-09T22:49:31: ✓ Ready in 315ms
2026-04-09T23:30:05: ▲ Next.js 16.2.2
2026-04-09T23:30:05: - Local:         http://localhost:3000
2026-04-09T23:30:05: - Network:       http://161.97.118.187:3000
2026-04-09T23:30:05: ✓ Ready in 521ms
2026-04-09T23:34:45: ▲ Next.js 16.2.2
2026-04-09T23:34:45: - Local:         http://localhost:3000
2026-04-09T23:34:45: - Network:       http://161.97.118.187:3000
2026-04-09T23:34:45: ✓ Ready in 268ms
2026-04-09T23:46:22: ▲ Next.js 16.2.2
2026-04-09T23:46:22: - Local:         http://localhost:3000
2026-04-09T23:46:22: - Network:       http://161.97.118.187:3000
2026-04-09T23:46:22: ✓ Ready in 247ms
2026-04-09T23:48:28: ▲ Next.js 16.2.2
2026-04-09T23:48:28: - Local:         http://localhost:3000
2026-04-09T23:48:28: - Network:       http://161.97.118.187:3000
2026-04-09T23:48:28: ✓ Ready in 263ms
2026-04-09T23:49:51: ▲ Next.js 16.2.2
2026-04-09T23:49:51: - Local:         http://localhost:3000
2026-04-09T23:49:51: - Network:       http://161.97.118.187:3000
2026-04-09T23:49:51: ✓ Ready in 292ms
2026-04-09T23:50:15: [avatar proxy] POST https://api.aiavuruduwithzellers.com/avatar/generate
2026-04-09T23:50:25: [avatar proxy] Response status: 500, body length: 116
2026-04-09T23:56:22: [avatar proxy] POST https://api.aiavuruduwithzellers.com/avatar/generate
2026-04-09T23:57:22: [avatar proxy] Response status: 504, body length: 176
2026-04-10T00:37:29: [avatar proxy] POST https://api.aiavuruduwithzellers.com/avatar/generate
2026-04-10T00:38:29: [avatar proxy] Response status: 504, body length: 176
2026-04-10T00:41:43: ▲ Next.js 16.2.2
2026-04-10T00:41:43: - Local:         http://localhost:3000
2026-04-10T00:41:43: - Network:       http://161.97.118.187:3000
2026-04-10T00:41:43: ✓ Ready in 582ms
2026-04-10T01:36:58: ▲ Next.js 16.2.2
2026-04-10T01:36:58: - Local:         http://localhost:3000
2026-04-10T01:36:58: - Network:       http://161.97.118.187:3000
2026-04-10T01:36:58: ✓ Ready in 338ms
2026-04-10T02:32:25: [avatar proxy] POST https://api.aiavuruduwithzellers.com/avatar/generate
2026-04-10T02:32:25: [avatar proxy] Response status: 200, body length: 130
2026-04-10T02:43:35: [avatar proxy] POST https://api.aiavuruduwithzellers.com/avatar/generate
2026-04-10T02:43:36: [avatar proxy] Response status: 200, body length: 130
2026-04-10T03:04:12: ▲ Next.js 16.2.2
2026-04-10T03:04:12: - Local:         http://localhost:3000
2026-04-10T03:04:12: - Network:       http://161.97.118.187:3000
2026-04-10T03:04:12: ✓ Ready in 619ms
2026-04-10T03:11:56: ▲ Next.js 16.2.2
2026-04-10T03:11:56: - Local:         http://localhost:3000
2026-04-10T03:11:56: - Network:       http://161.97.118.187:3000
2026-04-10T03:11:56: ✓ Ready in 225ms
2026-04-10T03:12:46: [avatar proxy] POST https://api.aiavuruduwithzellers.com/avatar/generate
2026-04-10T03:12:46: [avatar proxy] Response status: 200, body length: 130
2026-04-10T03:17:08: ▲ Next.js 16.2.2
2026-04-10T03:17:08: - Local:         http://localhost:3000
2026-04-10T03:17:08: - Network:       http://161.97.118.187:3000
2026-04-10T03:17:08: ✓ Ready in 564ms
2026-04-10T03:27:20: ▲ Next.js 16.2.2
2026-04-10T03:27:20: - Local:         http://localhost:3000
2026-04-10T03:27:20: - Network:       http://161.97.118.187:3000
2026-04-10T03:27:20: ✓ Ready in 404ms
2026-04-10T03:27:29: ▲ Next.js 16.2.2
2026-04-10T03:27:29: - Local:         http://localhost:3000
2026-04-10T03:27:29: - Network:       http://161.97.118.187:3000
2026-04-10T03:27:29: ✓ Ready in 406ms
2026-04-10T03:29:56: [avatar proxy] POST https://api.aiavuruduwithzellers.com/avatar/generate
2026-04-10T03:29:56: [avatar proxy] Response status: 404, body length: 81
2026-04-10T03:42:20: [avatar proxy] POST https://api.aiavuruduwithzellers.com/avatar/generate
2026-04-10T03:42:21: [avatar proxy] Response status: 200, body length: 130
2026-04-10T03:57:52: ▲ Next.js 16.2.2
2026-04-10T03:57:52: - Local:         http://localhost:3000
2026-04-10T03:57:52: - Network:       http://161.97.118.187:3000
2026-04-10T03:57:52: ✓ Ready in 316ms
2026-04-10T04:57:07: [avatar proxy] POST https://api.aiavuruduwithzellers.com/avatar/generate
2026-04-10T04:57:07: [avatar proxy] Response status: 200, body length: 130
2026-04-10T04:58:48: ▲ Next.js 16.2.2
2026-04-10T04:58:48: - Local:         http://localhost:3000
2026-04-10T04:58:48: - Network:       http://161.97.118.187:3000
2026-04-10T04:58:48: ✓ Ready in 625ms
2026-04-10T05:04:41: ▲ Next.js 16.2.2
2026-04-10T05:04:41: - Local:         http://localhost:3000
2026-04-10T05:04:41: - Network:       http://161.97.118.187:3000
2026-04-10T05:04:41: ✓ Ready in 362ms
2026-04-10T05:05:37: [avatar proxy] POST https://api.aiavuruduwithzellers.com/avatar/generate
2026-04-10T05:05:37: [avatar proxy] Response status: 200, body length: 130
2026-04-10T05:19:04: ▲ Next.js 16.2.2
2026-04-10T05:19:04: - Local:         http://localhost:3000
2026-04-10T05:19:04: - Network:       http://161.97.118.187:3000
2026-04-10T05:19:04: ✓ Ready in 400ms
2026-04-10T05:21:57: ▲ Next.js 16.2.2
2026-04-10T05:21:57: - Local:         http://localhost:3000
2026-04-10T05:21:57: - Network:       http://161.97.118.187:3000
2026-04-10T05:21:57: ✓ Ready in 303ms
2026-04-10T05:27:11: ▲ Next.js 16.2.2
2026-04-10T05:27:11: - Local:         http://localhost:3000
2026-04-10T05:27:11: - Network:       http://161.97.118.187:3000
2026-04-10T05:27:11: ✓ Ready in 289ms
2026-04-10T05:48:04: [avatar proxy] POST https://api.aiavuruduwithzellers.com/avatar/generate
2026-04-10T05:48:05: [avatar proxy] Response status: 200, body length: 130
2026-04-10T06:16:47: ▲ Next.js 16.2.2
2026-04-10T06:16:47: - Local:         http://localhost:3000
2026-04-10T06:16:47: - Network:       http://161.97.118.187:3000
2026-04-10T06:16:47: ✓ Ready in 277ms
2026-04-10T06:22:11: [avatar proxy] POST https://api.aiavuruduwithzellers.com/avatar/generate
2026-04-10T06:22:12: [avatar proxy] Response status: 200, body length: 130
2026-04-10T06:35:20: [avatar proxy] POST https://api.aiavuruduwithzellers.com/avatar/generate
2026-04-10T06:35:21: [avatar proxy] Response status: 200, body length: 130
2026-04-10T06:49:32: ▲ Next.js 16.2.2
2026-04-10T06:49:32: - Local:         http://localhost:3000
2026-04-10T06:49:32: - Network:       http://161.97.118.187:3000
2026-04-10T06:49:32: ✓ Ready in 326ms
2026-04-10T07:29:13: [avatar proxy] POST https://api.aiavuruduwithzellers.com/avatar/generate
2026-04-10T07:29:15: [avatar proxy] Response status: 200, body length: 183
2026-04-10T07:54:51: ▲ Next.js 16.2.2
2026-04-10T07:54:51: - Local:         http://localhost:3000
2026-04-10T07:54:51: - Network:       http://161.97.118.187:3000
2026-04-10T07:54:51: ✓ Ready in 442ms
2026-04-10T08:03:26: [avatar proxy] POST https://api.aiavuruduwithzellers.com/avatar/generate
2026-04-10T08:03:27: [avatar proxy] Response status: 200, body length: 183
2026-04-10T08:13:56: ▲ Next.js 16.2.2
2026-04-10T08:13:56: - Local:         http://localhost:3000
2026-04-10T08:13:56: - Network:       http://161.97.118.187:3000
2026-04-10T08:13:56: ✓ Ready in 304ms
2026-04-10T08:19:04: ▲ Next.js 16.2.2
2026-04-10T08:19:04: - Local:         http://localhost:3000
2026-04-10T08:19:04: - Network:       http://161.97.118.187:3000
2026-04-10T08:19:04: ✓ Ready in 315ms
2026-04-10T08:36:17: ▲ Next.js 16.2.2
2026-04-10T08:36:17: - Local:         http://localhost:3000
2026-04-10T08:36:17: - Network:       http://161.97.118.187:3000
2026-04-10T08:36:17: ✓ Ready in 336ms
2026-04-10T08:42:21: ▲ Next.js 16.2.2
2026-04-10T08:42:21: - Local:         http://localhost:3000
2026-04-10T08:42:21: - Network:       http://161.97.118.187:3000
2026-04-10T08:42:21: ✓ Ready in 335ms
2026-04-10T09:10:00: [avatar proxy] POST https://api.aiavuruduwithzellers.com/avatar/generate
2026-04-10T09:10:01: [avatar proxy] Response status: 200, body length: 183
2026-04-10T09:39:54: [avatar proxy] POST https://api.aiavuruduwithzellers.com/avatar/generate
2026-04-10T09:39:55: [avatar proxy] Response status: 200, body length: 183
2026-04-10T09:43:54: [avatar proxy] POST https://api.aiavuruduwithzellers.com/avatar/generate
2026-04-10T09:43:56: [avatar proxy] Response status: 200, body length: 183
