2026-04-09T22:08:31: ▲ Next.js 16.2.2
2026-04-09T22:08:31: - Local:         http://localhost:3000
2026-04-09T22:08:31: - Network:       http://161.97.118.187:3000
2026-04-09T22:08:31: ✓ Ready in 304ms
2026-04-09T22:18:56: Error: Failed to find Server Action "x". This request might be from an older or newer deployment.
2026-04-09T22:18:56: Read more: https://nextjs.org/docs/messages/failed-to-find-server-action
2026-04-09T22:18:56:     at ignore-listed frames
2026-04-09T22:32:08: Error: Failed to find Server Action "x". This request might be from an older or newer deployment.
2026-04-09T22:32:08: Read more: https://nextjs.org/docs/messages/failed-to-find-server-action
2026-04-09T22:32:08:     at ignore-listed frames
2026-04-09T22:32:08: Error: Failed to find Server Action "x". This request might be from an older or newer deployment.
2026-04-09T22:32:08: Read more: https://nextjs.org/docs/messages/failed-to-find-server-action
2026-04-09T22:32:08:     at ignore-listed frames
2026-04-09T22:32:13: Error: Failed to find Server Action "x". This request might be from an older or newer deployment.
2026-04-09T22:32:13: Read more: https://nextjs.org/docs/messages/failed-to-find-server-action
2026-04-09T22:32:13:     at ignore-listed frames
2026-04-09T22:44:04: ▲ Next.js 16.2.2
2026-04-09T22:44:04: - Local:         http://localhost:3000
2026-04-09T22:44:04: - Network:       http://161.97.118.187:3000
2026-04-09T22:44:04: ✓ Ready in 915ms
2026-04-09T22:49:31: ▲ Next.js 16.2.2
2026-04-09T22:49:31: - Local:         http://localhost:3000
2026-04-09T22:49:31: - Network:       http://161.97.118.187:3000
2026-04-09T22:49:31: ✓ Ready in 315ms
2026-04-09T23:00:31: Error: Failed to find Server Action "x". This request might be from an older or newer deployment.
2026-04-09T23:00:31: Read more: https://nextjs.org/docs/messages/failed-to-find-server-action
2026-04-09T23:00:31:     at ignore-listed frames
2026-04-09T23:30:05: ▲ Next.js 16.2.2
2026-04-09T23:30:05: - Local:         http://localhost:3000
2026-04-09T23:30:05: - Network:       http://161.97.118.187:3000
2026-04-09T23:30:05: ✓ Ready in 521ms
2026-04-09T23:34:45: ▲ Next.js 16.2.2
2026-04-09T23:34:45: - Local:         http://localhost:3000
2026-04-09T23:34:45: - Network:       http://161.97.118.187:3000
2026-04-09T23:34:45: ✓ Ready in 268ms
2026-04-09T23:41:44: Avatar generation proxy error: SyntaxError: Unexpected end of JSON input
2026-04-09T23:41:44:     at JSON.parse (<anonymous>)
2026-04-09T23:46:22: ▲ Next.js 16.2.2
2026-04-09T23:46:22: - Local:         http://localhost:3000
2026-04-09T23:46:22: - Network:       http://161.97.118.187:3000
2026-04-09T23:46:22: ✓ Ready in 247ms
2026-04-09T23:47:04: Avatar generation proxy error: SyntaxError: Unexpected end of JSON input
2026-04-09T23:47:04:     at JSON.parse (<anonymous>)
2026-04-09T23:48:24: Avatar generation proxy error: SyntaxError: Unexpected end of JSON input
2026-04-09T23:48:24:     at JSON.parse (<anonymous>)
2026-04-09T23:48:28: ▲ Next.js 16.2.2
2026-04-09T23:48:28: - Local:         http://localhost:3000
2026-04-09T23:48:28: - Network:       http://161.97.118.187:3000
2026-04-09T23:48:28: ✓ Ready in 263ms
2026-04-09T23:49:23: Error [InvariantError]: Invariant: The client reference manifest for route "/campaign" does not exist. This is a bug in Next.js.
2026-04-09T23:49:23:     at Object.get (.next/server/chunks/ssr/[root-of-the-server]__09z7o2x._.js:1:47542)
2026-04-09T23:49:23: ⨯ Error [InvariantError]: Invariant: The client reference manifest for route "/campaign" does not exist. This is a bug in Next.js.
2026-04-09T23:49:23:     at Object.get (.next/server/chunks/ssr/[root-of-the-server]__09z7o2x._.js:1:47542)
2026-04-09T23:49:23: ⨯ Error [InvariantError]: Invariant: The client reference manifest for route "/campaign" does not exist. This is a bug in Next.js.
2026-04-09T23:49:23:     at Object.get (.next/server/chunks/ssr/[root-of-the-server]__09z7o2x._.js:1:47542)
2026-04-09T23:49:23: ⨯ Error: Failed to load static file for page: /500 ENOENT: no such file or directory, open '/var/www/zellers-ai-avatar/.next/server/pages/500.html'
2026-04-09T23:49:23:     at ignore-listed frames
2026-04-09T23:49:30: Error [InvariantError]: Invariant: The client reference manifest for route "/campaign" does not exist. This is a bug in Next.js.
2026-04-09T23:49:30:     at Object.get (.next/server/chunks/ssr/[root-of-the-server]__09z7o2x._.js:1:47542)
2026-04-09T23:49:30: ⨯ Error [InvariantError]: Invariant: The client reference manifest for route "/campaign" does not exist. This is a bug in Next.js.
2026-04-09T23:49:30:     at Object.get (.next/server/chunks/ssr/[root-of-the-server]__09z7o2x._.js:1:47542)
2026-04-09T23:49:30: ⨯ Error [InvariantError]: Invariant: The client reference manifest for route "/campaign" does not exist. This is a bug in Next.js.
2026-04-09T23:49:30:     at Object.get (.next/server/chunks/ssr/[root-of-the-server]__09z7o2x._.js:1:47542)
2026-04-09T23:49:30: ⨯ Error: Failed to load static file for page: /500 ENOENT: no such file or directory, open '/var/www/zellers-ai-avatar/.next/server/pages/500.html'
2026-04-09T23:49:30:     at ignore-listed frames
2026-04-09T23:49:33: Error [InvariantError]: Invariant: The client reference manifest for route "/campaign" does not exist. This is a bug in Next.js.
2026-04-09T23:49:33:     at Object.get (.next/server/chunks/ssr/[root-of-the-server]__09z7o2x._.js:1:47542)
2026-04-09T23:49:33: ⨯ Error [InvariantError]: Invariant: The client reference manifest for route "/campaign" does not exist. This is a bug in Next.js.
2026-04-09T23:49:33:     at Object.get (.next/server/chunks/ssr/[root-of-the-server]__09z7o2x._.js:1:47542)
2026-04-09T23:49:33: ⨯ Error [InvariantError]: Invariant: The client reference manifest for route "/campaign" does not exist. This is a bug in Next.js.
2026-04-09T23:49:33:     at Object.get (.next/server/chunks/ssr/[root-of-the-server]__09z7o2x._.js:1:47542)
2026-04-09T23:49:33: ⨯ Error: Failed to load static file for page: /500 ENOENT: no such file or directory, open '/var/www/zellers-ai-avatar/.next/server/pages/500.html'
2026-04-09T23:49:33:     at ignore-listed frames
2026-04-09T23:49:36: Error [InvariantError]: Invariant: The client reference manifest for route "/campaign" does not exist. This is a bug in Next.js.
2026-04-09T23:49:36:     at Object.get (.next/server/chunks/ssr/[root-of-the-server]__09z7o2x._.js:1:47542)
2026-04-09T23:49:36: ⨯ Error [InvariantError]: Invariant: The client reference manifest for route "/campaign" does not exist. This is a bug in Next.js.
2026-04-09T23:49:36:     at Object.get (.next/server/chunks/ssr/[root-of-the-server]__09z7o2x._.js:1:47542)
2026-04-09T23:49:36: ⨯ Error [InvariantError]: Invariant: The client reference manifest for route "/campaign" does not exist. This is a bug in Next.js.
2026-04-09T23:49:36:     at Object.get (.next/server/chunks/ssr/[root-of-the-server]__09z7o2x._.js:1:47542)
2026-04-09T23:49:36: ⨯ Error: Failed to load static file for page: /500 ENOENT: no such file or directory, open '/var/www/zellers-ai-avatar/.next/server/pages/500.html'
2026-04-09T23:49:36:     at ignore-listed frames
2026-04-09T23:49:37: Error [InvariantError]: Invariant: The client reference manifest for route "/campaign" does not exist. This is a bug in Next.js.
2026-04-09T23:49:37:     at Object.get (.next/server/chunks/ssr/[root-of-the-server]__09z7o2x._.js:1:47542)
2026-04-09T23:49:37: ⨯ Error [InvariantError]: Invariant: The client reference manifest for route "/campaign" does not exist. This is a bug in Next.js.
2026-04-09T23:49:37:     at Object.get (.next/server/chunks/ssr/[root-of-the-server]__09z7o2x._.js:1:47542)
2026-04-09T23:49:37: ⨯ Error [InvariantError]: Invariant: The client reference manifest for route "/campaign" does not exist. This is a bug in Next.js.
2026-04-09T23:49:37:     at Object.get (.next/server/chunks/ssr/[root-of-the-server]__09z7o2x._.js:1:47542)
2026-04-09T23:49:37: ⨯ Error: Failed to load static file for page: /500 ENOENT: no such file or directory, open '/var/www/zellers-ai-avatar/.next/server/pages/500.html'
2026-04-09T23:49:37:     at ignore-listed frames
2026-04-09T23:49:38: Error [InvariantError]: Invariant: The client reference manifest for route "/campaign" does not exist. This is a bug in Next.js.
2026-04-09T23:49:38:     at Object.get (.next/server/chunks/ssr/[root-of-the-server]__09z7o2x._.js:1:47542)
2026-04-09T23:49:38: ⨯ Error [InvariantError]: Invariant: The client reference manifest for route "/campaign" does not exist. This is a bug in Next.js.
2026-04-09T23:49:38:     at Object.get (.next/server/chunks/ssr/[root-of-the-server]__09z7o2x._.js:1:47542)
2026-04-09T23:49:38: ⨯ Error [InvariantError]: Invariant: The client reference manifest for route "/campaign" does not exist. This is a bug in Next.js.
2026-04-09T23:49:38:     at Object.get (.next/server/chunks/ssr/[root-of-the-server]__09z7o2x._.js:1:47542)
2026-04-09T23:49:38: ⨯ Error: Failed to load static file for page: /500 ENOENT: no such file or directory, open '/var/www/zellers-ai-avatar/.next/server/pages/500.html'
2026-04-09T23:49:38:     at ignore-listed frames
2026-04-09T23:49:51: ▲ Next.js 16.2.2
2026-04-09T23:49:51: - Local:         http://localhost:3000
2026-04-09T23:49:51: - Network:       http://161.97.118.187:3000
2026-04-09T23:49:51: ✓ Ready in 292ms
2026-04-09T23:50:15: [avatar proxy] POST https://api.aiavuruduwithzellers.com/avatar/generate
2026-04-09T23:50:25: [avatar proxy] Response status: 500, body length: 116
2026-04-09T23:50:47: Error: Failed to find Server Action "x". This request might be from an older or newer deployment.
2026-04-09T23:50:47: Read more: https://nextjs.org/docs/messages/failed-to-find-server-action
2026-04-09T23:50:47:     at ignore-listed frames
2026-04-09T23:56:22: [avatar proxy] POST https://api.aiavuruduwithzellers.com/avatar/generate
2026-04-09T23:57:22: [avatar proxy] Response status: 504, body length: 176
2026-04-09T23:57:22: [avatar proxy] Non-JSON response: <html>
2026-04-09T23:57:22: <head><title>504 Gateway Time-out</title></head>
2026-04-09T23:57:22: <body>
2026-04-09T23:57:22: <center><h1>504 Gateway Time-out</h1></center>
2026-04-09T23:57:22: <hr><center>nginx/1.24.0 (Ubuntu)</center>
2026-04-09T23:57:22: </body>
2026-04-09T23:57:22: </html>
2026-04-09T23:57:22: 
